\BOOKMARK [0][]{Inhaltsverzeichnis.0}{Inhaltsverzeichnis}{}% 1
\BOOKMARK [0][]{chapter.1}{1 Einleitung}{}% 2
\BOOKMARK [1][-]{section.1.1}{1.1 Motivation}{chapter.1}% 3
\BOOKMARK [1][-]{section.1.2}{1.2 Problemstellung}{chapter.1}% 4
\BOOKMARK [1][-]{section.1.3}{1.3 Zielsetzung}{chapter.1}% 5
\BOOKMARK [1][-]{section.1.4}{1.4 Gliederung/Aufbau der Arbeit}{chapter.1}% 6
\BOOKMARK [0][]{chapter.2}{2 Grundlagen}{}% 7
\BOOKMARK [1][-]{section.2.1}{2.1 Knoten\374berdeckung}{chapter.2}% 8
\BOOKMARK [1][-]{section.2.2}{2.2 Nemhauser-Trotter Reduktionsregeln}{chapter.2}% 9
\BOOKMARK [1][-]{section.2.3}{2.3 Kronenregel}{chapter.2}% 10
\BOOKMARK [1][-]{section.2.4}{2.4 Einfache Reduktionsregeln}{chapter.2}% 11
\BOOKMARK [0][]{chapter.3}{3 Analyse}{}% 12
\BOOKMARK [1][-]{section.3.1}{3.1 Anforderungen}{chapter.3}% 13
\BOOKMARK [1][-]{section.3.2}{3.2 Bewertung der Reduktionsregeln}{chapter.3}% 14
\BOOKMARK [1][-]{section.3.3}{3.3 Anwendung der Reduktionsregeln}{chapter.3}% 15
\BOOKMARK [1][-]{section.3.4}{3.4 Interpretation der Ergebnisse}{chapter.3}% 16
\BOOKMARK [1][-]{section.3.5}{3.5 Zusammenfassung}{chapter.3}% 17
\BOOKMARK [0][]{chapter.4}{4 Entwurf / Konzeption}{}% 18
\BOOKMARK [1][-]{section.4.1}{4.1 Abschnitt 1}{chapter.4}% 19
\BOOKMARK [1][-]{section.4.2}{4.2 Abschnitt 2}{chapter.4}% 20
\BOOKMARK [1][-]{section.4.3}{4.3 Zusammenfassung}{chapter.4}% 21
\BOOKMARK [0][]{chapter.5}{5 Implementierung}{}% 22
\BOOKMARK [1][-]{section.5.1}{5.1 Kronenregel}{chapter.5}% 23
\BOOKMARK [0][]{chapter.6}{6 Evaluation}{}% 24
\BOOKMARK [1][-]{section.6.1}{6.1 Abschnitt 1}{chapter.6}% 25
\BOOKMARK [1][-]{section.6.2}{6.2 Abschnitt 2}{chapter.6}% 26
\BOOKMARK [1][-]{section.6.3}{6.3 Zusammenfassung}{chapter.6}% 27
\BOOKMARK [0][]{chapter.7}{7 Diskussion und Ausblick}{}% 28
\BOOKMARK [0][]{section*.5}{Literaturverzeichnis}{}% 29
