\BOOKMARK [0][-]{part.1}{I TODO}{}% 1
\BOOKMARK [1][-]{section.1}{Implementierung}{part.1}% 2
\BOOKMARK [1][-]{section.2}{Vorabeit}{part.1}% 3
\BOOKMARK [0][-]{part.2}{II Idee und Vorgehensweise}{}% 4
\BOOKMARK [1][-]{section.3}{Thema}{part.2}% 5
\BOOKMARK [1][-]{section.4}{Fixed-Parameter-Algorithm}{part.2}% 6
\BOOKMARK [1][-]{section.5}{Definitionen/Erkl\344rungen}{part.2}% 7
\BOOKMARK [2][-]{subsection.5.1}{Regul\344rer Graph}{section.5}% 8
\BOOKMARK [2][-]{subsection.5.2}{Dominating Set}{section.5}% 9
\BOOKMARK [2][-]{subsection.5.3}{Matching}{section.5}% 10
\BOOKMARK [3][-]{subsubsection.5.3.1}{Maximal Matching}{subsection.5.3}% 11
\BOOKMARK [3][-]{subsubsection.5.3.2}{Maximum \(Cardinality\) Matching}{subsection.5.3}% 12
\BOOKMARK [3][-]{subsubsection.5.3.3}{Perfect/Complete Matching}{subsection.5.3}% 13
\BOOKMARK [2][-]{subsection.5.4}{Independent Set}{section.5}% 14
\BOOKMARK [2][-]{subsection.5.5}{Bipartider Graph s19}{section.5}% 15
\BOOKMARK [1][-]{section.6}{Knoten\374berdeckung/Vertexcover}{part.2}% 16
\BOOKMARK [2][-]{subsection.6.1}{Algorithmus s99}{section.6}% 17
\BOOKMARK [1][-]{section.7}{Graph-Reduktion}{part.2}% 18
\BOOKMARK [2][-]{subsection.7.1}{Reduktionsregeln}{section.7}% 19
\BOOKMARK [3][-]{subsubsection.7.1.1}{Einfache Regeln}{subsection.7.1}% 20
\BOOKMARK [3][-]{subsubsection.7.1.2}{Nemhauser/Trotter - Regel s64}{subsection.7.1}% 21
\BOOKMARK [3][-]{subsubsection.7.1.3}{Kronenregel}{subsection.7.1}% 22
